\BOOKMARK [1][-]{section.1}{Introduction}{}% 1
\BOOKMARK [2][-]{subsection.1.1}{Overview}{section.1}% 2
\BOOKMARK [2][-]{subsection.1.2}{Context}{section.1}% 3
\BOOKMARK [2][-]{subsection.1.3}{Design Principles}{section.1}% 4
\BOOKMARK [2][-]{subsection.1.4}{Document Structure}{section.1}% 5
\BOOKMARK [1][-]{section.2}{Anticipated and Unlikely Changes}{}% 6
\BOOKMARK [2][-]{subsection.2.1}{Anticipated Changes}{section.2}% 7
\BOOKMARK [2][-]{subsection.2.2}{Unlikely Changes}{section.2}% 8
\BOOKMARK [1][-]{section.3}{Module Hierarchy}{}% 9
\BOOKMARK [1][-]{section.4}{Connection Between Requirements and Design}{}% 10
\BOOKMARK [1][-]{section.5}{Module Decomposition}{}% 11
\BOOKMARK [2][-]{subsection.5.1}{Behaviour-Hiding Module}{section.5}% 12
\BOOKMARK [3][-]{subsubsection.5.1.1}{Aquamentus Module}{subsection.5.1}% 13
\BOOKMARK [3][-]{subsubsection.5.1.2}{Block}{subsection.5.1}% 14
\BOOKMARK [3][-]{subsubsection.5.1.3}{Boomerang}{subsection.5.1}% 15
\BOOKMARK [3][-]{subsubsection.5.1.4}{Fireball}{subsection.5.1}% 16
\BOOKMARK [3][-]{subsubsection.5.1.5}{Health Bar}{subsection.5.1}% 17
\BOOKMARK [3][-]{subsubsection.5.1.6}{Item}{subsection.5.1}% 18
\BOOKMARK [3][-]{subsubsection.5.1.7}{Keese}{subsection.5.1}% 19
\BOOKMARK [3][-]{subsubsection.5.1.8}{Player}{subsection.5.1}% 20
\BOOKMARK [3][-]{subsubsection.5.1.9}{Rupee}{subsection.5.1}% 21
\BOOKMARK [3][-]{subsubsection.5.1.10}{Stalfos}{subsection.5.1}% 22
\BOOKMARK [3][-]{subsubsection.5.1.11}{Sword}{subsection.5.1}% 23
\BOOKMARK [3][-]{subsubsection.5.1.12}{Door}{subsection.5.1}% 24
\BOOKMARK [3][-]{subsubsection.5.1.13}{Level}{subsection.5.1}% 25
\BOOKMARK [3][-]{subsubsection.5.1.14}{Level Manager}{subsection.5.1}% 26
\BOOKMARK [3][-]{subsubsection.5.1.15}{Wall}{subsection.5.1}% 27
\BOOKMARK [2][-]{subsection.5.2}{Software Decision Module}{section.5}% 28
\BOOKMARK [3][-]{subsubsection.5.2.1}{Boss}{subsection.5.2}% 29
\BOOKMARK [3][-]{subsubsection.5.2.2}{Colour Data}{subsection.5.2}% 30
\BOOKMARK [3][-]{subsubsection.5.2.3}{Constants Data}{subsection.5.2}% 31
\BOOKMARK [3][-]{subsubsection.5.2.4}{Enemy}{subsection.5.2}% 32
\BOOKMARK [3][-]{subsubsection.5.2.5}{Level Data}{subsection.5.2}% 33
\BOOKMARK [3][-]{subsubsection.5.2.6}{Main Run File}{subsection.5.2}% 34
\BOOKMARK [3][-]{subsubsection.5.2.7}{Render Font}{subsection.5.2}% 35
\BOOKMARK [3][-]{subsubsection.5.2.8}{Sprite Sheet}{subsection.5.2}% 36
\BOOKMARK [3][-]{subsubsection.5.2.9}{Window Data}{subsection.5.2}% 37
\BOOKMARK [1][-]{section.6}{Traceability Matrix}{}% 38
\BOOKMARK [1][-]{section.7}{Use Hierarchy Between Modules}{}% 39
