mktextfm phvr8t
mktextfm phvr8t
mktextfm phvr8t
mktextfm phvr8t
mktextfm phvr8t
mktextfm phvb8t
mktextfm nullfont
mktextfm phvr8t
mktextfm phvb8t
mktextfm nullfont
mktextfm phvb8t
mktextfm nullfont
mktextfm phvb8t
mktextfm nullfont
mktextfm phvb8t
mktextfm nullfont
mktextfm phvr8c
mktextfm phvb8t
mktextfm nullfont
mktextfm phvr8t
mktextfm phvro8t
mktextfm nullfont
mktextfm phvro8c
mktextfm nullfont
mktextfm phvr8t
mktextfm pcrr8t
mktextfm pcrr8t
mktextfm pcrro8t
mktextfm nullfont
mktextfm phvb8tn
mktextfm phvro8t
mktextfm nullfont
